[0906/201814.666:WARNING:minidump_to_upload_parameters.cc(67)] duplicate annotation name metrics_client_id, discarding value f130d68754844a2daf5ec54aec6e0237
[0909/135329.744:ERROR:file_io.cc(36)] ReadFile: Файл подкачки слишком мал для завершения операции. (0x5AF)
[0909/135329.760:ERROR:file_io.cc(36)] ReadFile: Файл подкачки слишком мал для завершения операции. (0x5AF)
[0909/135329.760:ERROR:file_io.cc(134)] WriteFile: Файл подкачки слишком мал для завершения операции. (0x5AF)
[0909/135329.868:ERROR:file_io.cc(134)] WriteFile: Файл подкачки слишком мал для завершения операции. (0x5AF)
[0909/135329.869:ERROR:file_io.cc(134)] WriteFile: Файл подкачки слишком мал для завершения операции. (0x5AF)
[0909/135329.869:ERROR:file_io.cc(134)] WriteFile: Файл подкачки слишком мал для завершения операции. (0x5AF)
[0909/135329.869:ERROR:file_io.cc(134)] WriteFile: Файл подкачки слишком мал для завершения операции. (0x5AF)
[0909/135329.870:ERROR:file_io.cc(134)] WriteFile: Файл подкачки слишком мал для завершения операции. (0x5AF)
[0909/135329.870:ERROR:file_io.cc(134)] WriteFile: Файл подкачки слишком мал для завершения операции. (0x5AF)
[0909/135329.870:ERROR:file_io.cc(134)] WriteFile: Файл подкачки слишком мал для завершения операции. (0x5AF)
[0909/135329.870:ERROR:file_io.cc(134)] WriteFile: Файл подкачки слишком мал для завершения операции. (0x5AF)
[0909/135329.870:ERROR:file_io.cc(134)] WriteFile: Файл подкачки слишком мал для завершения операции. (0x5AF)
[0909/135329.870:ERROR:file_io.cc(134)] WriteFile: Файл подкачки слишком мал для завершения операции. (0x5AF)
[0909/135329.870:ERROR:file_io.cc(134)] WriteFile: Файл подкачки слишком мал для завершения операции. (0x5AF)
[0909/135329.870:ERROR:file_io.cc(134)] WriteFile: Файл подкачки слишком мал для завершения операции. (0x5AF)
[0909/135329.870:ERROR:file_io.cc(134)] WriteFile: Файл подкачки слишком мал для завершения операции. (0x5AF)
[0909/135329.871:ERROR:file_io.cc(134)] WriteFile: Файл подкачки слишком мал для завершения операции. (0x5AF)
[0909/135329.871:ERROR:file_io.cc(134)] WriteFile: Файл подкачки слишком мал для завершения операции. (0x5AF)
[0909/135329.871:ERROR:file_io.cc(134)] WriteFile: Файл подкачки слишком мал для завершения операции. (0x5AF)
[0909/135329.871:ERROR:file_io.cc(134)] WriteFile: Файл подкачки слишком мал для завершения операции. (0x5AF)
[0909/135329.871:ERROR:file_io.cc(134)] WriteFile: Файл подкачки слишком мал для завершения операции. (0x5AF)
[0909/135329.871:ERROR:file_io.cc(134)] WriteFile: Файл подкачки слишком мал для завершения операции. (0x5AF)
[0909/135329.871:ERROR:file_io.cc(134)] WriteFile: Файл подкачки слишком мал для завершения операции. (0x5AF)
[0909/135329.871:ERROR:file_io.cc(134)] WriteFile: Файл подкачки слишком мал для завершения операции. (0x5AF)
[0909/135329.871:ERROR:file_io.cc(134)] WriteFile: Файл подкачки слишком мал для завершения операции. (0x5AF)
[0909/135329.871:ERROR:file_io.cc(134)] WriteFile: Файл подкачки слишком мал для завершения операции. (0x5AF)
[0909/135329.872:ERROR:file_io.cc(134)] WriteFile: Файл подкачки слишком мал для завершения операции. (0x5AF)
[0909/135329.872:ERROR:file_io.cc(134)] WriteFile: Файл подкачки слишком мал для завершения операции. (0x5AF)
[0909/135329.872:ERROR:file_io.cc(134)] WriteFile: Файл подкачки слишком мал для завершения операции. (0x5AF)
[0909/135329.872:ERROR:file_io.cc(134)] WriteFile: Файл подкачки слишком мал для завершения операции. (0x5AF)
[0909/135329.872:ERROR:file_io.cc(134)] WriteFile: Файл подкачки слишком мал для завершения операции. (0x5AF)
[0909/135329.872:ERROR:file_io.cc(134)] WriteFile: Файл подкачки слишком мал для завершения операции. (0x5AF)
[0909/135329.872:ERROR:file_io.cc(134)] WriteFile: Файл подкачки слишком мал для завершения операции. (0x5AF)
[0909/135329.872:ERROR:file_io.cc(134)] WriteFile: Файл подкачки слишком мал для завершения операции. (0x5AF)
[0909/135329.872:ERROR:file_io.cc(134)] WriteFile: Файл подкачки слишком мал для завершения операции. (0x5AF)
[0909/135329.872:ERROR:file_io.cc(134)] WriteFile: Файл подкачки слишком мал для завершения операции. (0x5AF)
[0909/135329.873:ERROR:file_io.cc(134)] WriteFile: Файл подкачки слишком мал для завершения операции. (0x5AF)
[0909/135329.873:ERROR:file_io.cc(134)] WriteFile: Файл подкачки слишком мал для завершения операции. (0x5AF)
[0909/135329.873:ERROR:file_io.cc(134)] WriteFile: Файл подкачки слишком мал для завершения операции. (0x5AF)
[0909/135329.873:ERROR:file_io.cc(134)] WriteFile: Файл подкачки слишком мал для завершения операции. (0x5AF)
[0909/135329.873:ERROR:file_io.cc(134)] WriteFile: Файл подкачки слишком мал для завершения операции. (0x5AF)
[0909/135329.873:ERROR:file_io.cc(134)] WriteFile: Файл подкачки слишком мал для завершения операции. (0x5AF)
[0909/135329.873:ERROR:file_io.cc(134)] WriteFile: Файл подкачки слишком мал для завершения операции. (0x5AF)
[0909/135329.873:ERROR:file_io.cc(134)] WriteFile: Файл подкачки слишком мал для завершения операции. (0x5AF)
[0909/135329.873:ERROR:file_io.cc(134)] WriteFile: Файл подкачки слишком мал для завершения операции. (0x5AF)
[0909/135329.873:ERROR:file_io.cc(134)] WriteFile: Файл подкачки слишком мал для завершения операции. (0x5AF)
[0909/135329.873:ERROR:file_io.cc(134)] WriteFile: Файл подкачки слишком мал для завершения операции. (0x5AF)
[0909/135329.874:ERROR:file_io.cc(134)] WriteFile: Файл подкачки слишком мал для завершения операции. (0x5AF)
[0909/135329.874:ERROR:file_io.cc(134)] WriteFile: Файл подкачки слишком мал для завершения операции. (0x5AF)
[0909/135329.874:ERROR:file_io.cc(134)] WriteFile: Файл подкачки слишком мал для завершения операции. (0x5AF)
[0909/135329.874:ERROR:file_io.cc(134)] WriteFile: Файл подкачки слишком мал для завершения операции. (0x5AF)
[0909/135329.874:ERROR:file_io.cc(134)] WriteFile: Файл подкачки слишком мал для завершения операции. (0x5AF)
[0909/135329.874:ERROR:file_io.cc(134)] WriteFile: Файл подкачки слишком мал для завершения операции. (0x5AF)
[0909/135329.874:ERROR:file_io.cc(134)] WriteFile: Файл подкачки слишком мал для завершения операции. (0x5AF)
[0909/135329.875:ERROR:file_io.cc(134)] WriteFile: Файл подкачки слишком мал для завершения операции. (0x5AF)
[0909/135329.875:ERROR:file_io.cc(134)] WriteFile: Файл подкачки слишком мал для завершения операции. (0x5AF)
[0909/135329.875:ERROR:file_io.cc(134)] WriteFile: Файл подкачки слишком мал для завершения операции. (0x5AF)
[0909/135329.875:ERROR:file_io.cc(134)] WriteFile: Файл подкачки слишком мал для завершения операции. (0x5AF)
[0909/135329.875:ERROR:file_io.cc(134)] WriteFile: Файл подкачки слишком мал для завершения операции. (0x5AF)
[0909/135329.875:ERROR:file_io.cc(134)] WriteFile: Файл подкачки слишком мал для завершения операции. (0x5AF)
[0909/135329.875:ERROR:file_io.cc(134)] WriteFile: Файл подкачки слишком мал для завершения операции. (0x5AF)
[0909/135329.875:ERROR:file_io.cc(134)] WriteFile: Файл подкачки слишком мал для завершения операции. (0x5AF)
[0909/135329.876:ERROR:file_io.cc(134)] WriteFile: Файл подкачки слишком мал для завершения операции. (0x5AF)
[0909/135329.876:ERROR:file_io.cc(134)] WriteFile: Файл подкачки слишком мал для завершения операции. (0x5AF)
[0909/135329.876:ERROR:file_io.cc(134)] WriteFile: Файл подкачки слишком мал для завершения операции. (0x5AF)
[0909/135329.876:ERROR:file_io.cc(134)] WriteFile: Файл подкачки слишком мал для завершения операции. (0x5AF)
[0909/135329.876:ERROR:file_io.cc(134)] WriteFile: Файл подкачки слишком мал для завершения операции. (0x5AF)
[0909/135329.877:ERROR:file_io.cc(134)] WriteFile: Файл подкачки слишком мал для завершения операции. (0x5AF)
[0909/135329.877:ERROR:file_io.cc(134)] WriteFile: Файл подкачки слишком мал для завершения операции. (0x5AF)
[0909/135329.877:ERROR:file_io.cc(134)] WriteFile: Файл подкачки слишком мал для завершения операции. (0x5AF)
[0909/135329.877:ERROR:file_io.cc(134)] WriteFile: Файл подкачки слишком мал для завершения операции. (0x5AF)
[0909/135329.877:ERROR:file_io.cc(134)] WriteFile: Файл подкачки слишком мал для завершения операции. (0x5AF)
[0909/135329.877:ERROR:file_io.cc(134)] WriteFile: Файл подкачки слишком мал для завершения операции. (0x5AF)
[0909/135329.877:ERROR:file_io.cc(134)] WriteFile: Файл подкачки слишком мал для завершения операции. (0x5AF)
[0909/135329.877:ERROR:file_io.cc(134)] WriteFile: Файл подкачки слишком мал для завершения операции. (0x5AF)
[0909/135329.877:ERROR:file_io.cc(134)] WriteFile: Файл подкачки слишком мал для завершения операции. (0x5AF)
[0909/135329.878:ERROR:file_io.cc(134)] WriteFile: Файл подкачки слишком мал для завершения операции. (0x5AF)
[0909/135329.878:ERROR:file_io.cc(134)] WriteFile: Файл подкачки слишком мал для завершения операции. (0x5AF)
[0909/135329.878:ERROR:file_io.cc(134)] WriteFile: Файл подкачки слишком мал для завершения операции. (0x5AF)
[0909/135329.878:ERROR:file_io.cc(134)] WriteFile: Файл подкачки слишком мал для завершения операции. (0x5AF)
[0909/135329.878:ERROR:file_io.cc(134)] WriteFile: Файл подкачки слишком мал для завершения операции. (0x5AF)
[0909/135329.878:ERROR:file_io.cc(134)] WriteFile: Файл подкачки слишком мал для завершения операции. (0x5AF)
[0909/135329.878:ERROR:file_io.cc(134)] WriteFile: Файл подкачки слишком мал для завершения операции. (0x5AF)
[0909/135329.878:ERROR:file_io.cc(134)] WriteFile: Файл подкачки слишком мал для завершения операции. (0x5AF)
[0909/135329.878:ERROR:file_io.cc(134)] WriteFile: Файл подкачки слишком мал для завершения операции. (0x5AF)
[0909/135329.878:ERROR:file_io.cc(134)] WriteFile: Файл подкачки слишком мал для завершения операции. (0x5AF)
[0909/135329.879:ERROR:file_io.cc(134)] WriteFile: Файл подкачки слишком мал для завершения операции. (0x5AF)
[0909/135329.879:ERROR:file_io.cc(134)] WriteFile: Файл подкачки слишком мал для завершения операции. (0x5AF)
[0909/135329.879:ERROR:file_io.cc(134)] WriteFile: Файл подкачки слишком мал для завершения операции. (0x5AF)
[0909/135329.879:ERROR:file_io.cc(134)] WriteFile: Файл подкачки слишком мал для завершения операции. (0x5AF)
[0909/135329.879:ERROR:file_io.cc(134)] WriteFile: Файл подкачки слишком мал для завершения операции. (0x5AF)
[0909/135329.879:ERROR:file_io.cc(134)] WriteFile: Файл подкачки слишком мал для завершения операции. (0x5AF)
[0909/135329.879:ERROR:file_io.cc(134)] WriteFile: Файл подкачки слишком мал для завершения операции. (0x5AF)
[0909/135329.879:ERROR:file_io.cc(134)] WriteFile: Файл подкачки слишком мал для завершения операции. (0x5AF)
[0909/135329.879:ERROR:file_io.cc(134)] WriteFile: Файл подкачки слишком мал для завершения операции. (0x5AF)
[0909/135329.879:ERROR:file_io.cc(134)] WriteFile: Файл подкачки слишком мал для завершения операции. (0x5AF)
[0909/135329.880:ERROR:file_io.cc(134)] WriteFile: Файл подкачки слишком мал для завершения операции. (0x5AF)
[0909/135329.880:ERROR:file_io.cc(134)] WriteFile: Файл подкачки слишком мал для завершения операции. (0x5AF)
[0909/135329.880:ERROR:file_io.cc(134)] WriteFile: Файл подкачки слишком мал для завершения операции. (0x5AF)
[0909/135329.880:ERROR:file_io.cc(134)] WriteFile: Файл подкачки слишком мал для завершения операции. (0x5AF)
[0909/135329.880:ERROR:file_io.cc(134)] WriteFile: Файл подкачки слишком мал для завершения операции. (0x5AF)
[0909/135329.880:ERROR:file_io.cc(134)] WriteFile: Файл подкачки слишком мал для завершения операции. (0x5AF)
[0909/135329.880:ERROR:file_io.cc(134)] WriteFile: Файл подкачки слишком мал для завершения операции. (0x5AF)
[0909/135329.880:ERROR:file_io.cc(134)] WriteFile: Файл подкачки слишком мал для завершения операции. (0x5AF)
[0909/135329.880:ERROR:file_io.cc(134)] WriteFile: Файл подкачки слишком мал для завершения операции. (0x5AF)
[0909/135329.881:ERROR:file_io.cc(134)] WriteFile: Файл подкачки слишком мал для завершения операции. (0x5AF)
[0909/135329.881:ERROR:file_io.cc(134)] WriteFile: Файл подкачки слишком мал для завершения операции. (0x5AF)
[0909/135329.881:ERROR:file_io.cc(134)] WriteFile: Файл подкачки слишком мал для завершения операции. (0x5AF)
[0909/135329.881:ERROR:file_io.cc(134)] WriteFile: Файл подкачки слишком мал для завершения операции. (0x5AF)
[0909/135329.881:ERROR:file_io.cc(134)] WriteFile: Файл подкачки слишком мал для завершения операции. (0x5AF)
[0909/135329.881:ERROR:file_io.cc(134)] WriteFile: Файл подкачки слишком мал для завершения операции. (0x5AF)
[0909/135329.881:ERROR:file_io.cc(134)] WriteFile: Файл подкачки слишком мал для завершения операции. (0x5AF)
[0909/135329.881:ERROR:file_io.cc(134)] WriteFile: Файл подкачки слишком мал для завершения операции. (0x5AF)
[0909/135329.881:ERROR:file_io.cc(134)] WriteFile: Файл подкачки слишком мал для завершения операции. (0x5AF)
[0909/135329.881:ERROR:file_io.cc(134)] WriteFile: Файл подкачки слишком мал для завершения операции. (0x5AF)
[0909/135329.882:ERROR:file_io.cc(134)] WriteFile: Файл подкачки слишком мал для завершения операции. (0x5AF)
[0909/135329.882:ERROR:file_io.cc(134)] WriteFile: Файл подкачки слишком мал для завершения операции. (0x5AF)
[0909/135329.882:ERROR:file_io.cc(134)] WriteFile: Файл подкачки слишком мал для завершения операции. (0x5AF)
[0909/135329.882:ERROR:file_io.cc(134)] WriteFile: Файл подкачки слишком мал для завершения операции. (0x5AF)
[0909/135329.882:ERROR:file_io.cc(134)] WriteFile: Файл подкачки слишком мал для завершения операции. (0x5AF)
[0909/135329.882:ERROR:file_io.cc(134)] WriteFile: Файл подкачки слишком мал для завершения операции. (0x5AF)
[0909/135329.882:ERROR:file_io.cc(134)] WriteFile: Файл подкачки слишком мал для завершения операции. (0x5AF)
[0909/135329.882:ERROR:file_io.cc(134)] WriteFile: Файл подкачки слишком мал для завершения операции. (0x5AF)
[0909/135329.882:ERROR:file_io.cc(134)] WriteFile: Файл подкачки слишком мал для завершения операции. (0x5AF)
[0909/135329.882:ERROR:file_io.cc(134)] WriteFile: Файл подкачки слишком мал для завершения операции. (0x5AF)
[0909/135329.882:ERROR:file_io.cc(134)] WriteFile: Файл подкачки слишком мал для завершения операции. (0x5AF)
[0909/135329.883:ERROR:file_io.cc(134)] WriteFile: Файл подкачки слишком мал для завершения операции. (0x5AF)
[0909/135329.883:ERROR:file_io.cc(134)] WriteFile: Файл подкачки слишком мал для завершения операции. (0x5AF)
[0909/135329.883:ERROR:file_io.cc(134)] WriteFile: Файл подкачки слишком мал для завершения операции. (0x5AF)
[0909/135329.883:ERROR:file_io.cc(134)] WriteFile: Файл подкачки слишком мал для завершения операции. (0x5AF)
[0909/135329.883:ERROR:file_io.cc(134)] WriteFile: Файл подкачки слишком мал для завершения операции. (0x5AF)
[0909/135329.883:ERROR:file_io.cc(134)] WriteFile: Файл подкачки слишком мал для завершения операции. (0x5AF)
[0909/135329.883:ERROR:file_io.cc(134)] WriteFile: Файл подкачки слишком мал для завершения операции. (0x5AF)
[0909/135329.883:ERROR:file_io.cc(134)] WriteFile: Файл подкачки слишком мал для завершения операции. (0x5AF)
[0909/135329.883:ERROR:file_io.cc(134)] WriteFile: Файл подкачки слишком мал для завершения операции. (0x5AF)
[0909/135329.883:ERROR:file_io.cc(134)] WriteFile: Файл подкачки слишком мал для завершения операции. (0x5AF)
[0909/135329.883:ERROR:file_io.cc(134)] WriteFile: Файл подкачки слишком мал для завершения операции. (0x5AF)
[0909/135329.884:ERROR:file_io.cc(134)] WriteFile: Файл подкачки слишком мал для завершения операции. (0x5AF)
[0909/135329.884:ERROR:file_io.cc(134)] WriteFile: Файл подкачки слишком мал для завершения операции. (0x5AF)
[0909/135329.884:ERROR:file_io.cc(134)] WriteFile: Файл подкачки слишком мал для завершения операции. (0x5AF)
[0909/135329.884:ERROR:file_io.cc(134)] WriteFile: Файл подкачки слишком мал для завершения операции. (0x5AF)
[0909/135329.884:ERROR:file_io.cc(134)] WriteFile: Файл подкачки слишком мал для завершения операции. (0x5AF)
[0909/135329.884:ERROR:file_io.cc(134)] WriteFile: Файл подкачки слишком мал для завершения операции. (0x5AF)
[0909/135329.884:ERROR:file_io.cc(134)] WriteFile: Файл подкачки слишком мал для завершения операции. (0x5AF)
[0909/135329.884:ERROR:file_io.cc(134)] WriteFile: Файл подкачки слишком мал для завершения операции. (0x5AF)
[0909/135329.884:ERROR:file_io.cc(134)] WriteFile: Файл подкачки слишком мал для завершения операции. (0x5AF)
[0909/135329.884:ERROR:file_io.cc(134)] WriteFile: Файл подкачки слишком мал для завершения операции. (0x5AF)
[0909/135329.884:ERROR:file_io.cc(134)] WriteFile: Файл подкачки слишком мал для завершения операции. (0x5AF)
[0909/135329.885:ERROR:crash_report_exception_handler.cc(111)] WriteEverything failed
[0909/135329.886:ERROR:filesystem_win.cc(148)] DeleteFile C:\Users\polak\AppData\Local\Google\Chrome\User Data\Crashpad\reports\24861dd4-84a9-45cc-94fa-ad9fe17e3be7.dmp: Процесс не может получить доступ к файлу, так как этот файл занят другим процессом. (0x20)
[0909/135333.860:ERROR:file_io.cc(89)] ReadExactly: expected 40, observed 0
[0909/135333.861:ERROR:file_io.cc(89)] ReadExactly: expected 40, observed 0
[0909/135333.950:ERROR:file_io.cc(134)] WriteFile: Файл подкачки слишком мал для завершения операции. (0x5AF)
[0909/135333.951:ERROR:file_io.cc(134)] WriteFile: Файл подкачки слишком мал для завершения операции. (0x5AF)
[0909/135333.951:ERROR:file_io.cc(134)] WriteFile: Файл подкачки слишком мал для завершения операции. (0x5AF)
[0909/135333.952:ERROR:file_io.cc(134)] WriteFile: Файл подкачки слишком мал для завершения операции. (0x5AF)
[0909/135333.952:ERROR:file_io.cc(134)] WriteFile: Файл подкачки слишком мал для завершения операции. (0x5AF)
[0909/135333.952:ERROR:file_io.cc(134)] WriteFile: Файл подкачки слишком мал для завершения операции. (0x5AF)
[0909/135333.952:ERROR:file_io.cc(134)] WriteFile: Файл подкачки слишком мал для завершения операции. (0x5AF)
[0909/135333.952:ERROR:file_io.cc(134)] WriteFile: Файл подкачки слишком мал для завершения операции. (0x5AF)
[0909/135333.952:ERROR:file_io.cc(134)] WriteFile: Файл подкачки слишком мал для завершения операции. (0x5AF)
[0909/135333.952:ERROR:file_io.cc(134)] WriteFile: Файл подкачки слишком мал для завершения операции. (0x5AF)
[0909/135333.952:ERROR:file_io.cc(134)] WriteFile: Файл подкачки слишком мал для завершения операции. (0x5AF)
[0909/135333.952:ERROR:file_io.cc(134)] WriteFile: Файл подкачки слишком мал для завершения операции. (0x5AF)
[0909/135333.953:ERROR:file_io.cc(134)] WriteFile: Файл подкачки слишком мал для завершения операции. (0x5AF)
[0909/135333.953:ERROR:file_io.cc(134)] WriteFile: Файл подкачки слишком мал для завершения операции. (0x5AF)
[0909/135333.953:ERROR:file_io.cc(134)] WriteFile: Файл подкачки слишком мал для завершения операции. (0x5AF)
[0909/135333.953:ERROR:file_io.cc(134)] WriteFile: Файл подкачки слишком мал для завершения операции. (0x5AF)
[0909/135333.953:ERROR:file_io.cc(134)] WriteFile: Файл подкачки слишком мал для завершения операции. (0x5AF)
[0909/135333.953:ERROR:file_io.cc(134)] WriteFile: Файл подкачки слишком мал для завершения операции. (0x5AF)
[0909/135333.953:ERROR:file_io.cc(134)] WriteFile: Файл подкачки слишком мал для завершения операции. (0x5AF)
[0909/135333.954:ERROR:file_io.cc(134)] WriteFile: Файл подкачки слишком мал для завершения операции. (0x5AF)
[0909/135333.954:ERROR:file_io.cc(134)] WriteFile: Файл подкачки слишком мал для завершения операции. (0x5AF)
[0909/135333.954:ERROR:file_io.cc(134)] WriteFile: Файл подкачки слишком мал для завершения операции. (0x5AF)
[0909/135333.954:ERROR:file_io.cc(134)] WriteFile: Файл подкачки слишком мал для завершения операции. (0x5AF)
[0909/135333.954:ERROR:file_io.cc(134)] WriteFile: Файл подкачки слишком мал для завершения операции. (0x5AF)
[0909/135333.954:ERROR:file_io.cc(134)] WriteFile: Файл подкачки слишком мал для завершения операции. (0x5AF)
[0909/135333.954:ERROR:file_io.cc(134)] WriteFile: Файл подкачки слишком мал для завершения операции. (0x5AF)
[0909/135333.955:ERROR:file_io.cc(134)] WriteFile: Файл подкачки слишком мал для завершения операции. (0x5AF)
[0909/135333.955:ERROR:file_io.cc(134)] WriteFile: Файл подкачки слишком мал для завершения операции. (0x5AF)
[0909/135333.955:ERROR:file_io.cc(134)] WriteFile: Файл подкачки слишком мал для завершения операции. (0x5AF)
[0909/135333.955:ERROR:file_io.cc(134)] WriteFile: Файл подкачки слишком мал для завершения операции. (0x5AF)
[0909/135333.955:ERROR:file_io.cc(134)] WriteFile: Файл подкачки слишком мал для завершения операции. (0x5AF)
[0909/135333.956:ERROR:file_io.cc(134)] WriteFile: Файл подкачки слишком мал для завершения операции. (0x5AF)
[0909/135333.956:ERROR:file_io.cc(134)] WriteFile: Файл подкачки слишком мал для завершения операции. (0x5AF)
[0909/135333.956:ERROR:file_io.cc(134)] WriteFile: Файл подкачки слишком мал для завершения операции. (0x5AF)
[0909/135333.956:ERROR:file_io.cc(134)] WriteFile: Файл подкачки слишком мал для завершения операции. (0x5AF)
[0909/135333.956:ERROR:file_io.cc(134)] WriteFile: Файл подкачки слишком мал для завершения операции. (0x5AF)
[0909/135333.957:ERROR:file_io.cc(134)] WriteFile: Файл подкачки слишком мал для завершения операции. (0x5AF)
[0909/135333.957:ERROR:file_io.cc(134)] WriteFile: Файл подкачки слишком мал для завершения операции. (0x5AF)
[0909/135333.957:ERROR:file_io.cc(134)] WriteFile: Файл подкачки слишком мал для завершения операции. (0x5AF)
[0909/135333.957:ERROR:file_io.cc(134)] WriteFile: Файл подкачки слишком мал для завершения операции. (0x5AF)
[0909/135333.957:ERROR:file_io.cc(134)] WriteFile: Файл подкачки слишком мал для завершения операции. (0x5AF)
[0909/135333.957:ERROR:file_io.cc(134)] WriteFile: Файл подкачки слишком мал для завершения операции. (0x5AF)
[0909/135333.957:ERROR:file_io.cc(134)] WriteFile: Файл подкачки слишком мал для завершения операции. (0x5AF)
[0909/135333.957:ERROR:file_io.cc(134)] WriteFile: Файл подкачки слишком мал для завершения операции. (0x5AF)
[0909/135333.957:ERROR:file_io.cc(134)] WriteFile: Файл подкачки слишком мал для завершения операции. (0x5AF)
[0909/135333.958:ERROR:file_io.cc(134)] WriteFile: Файл подкачки слишком мал для завершения операции. (0x5AF)
[0909/135333.958:ERROR:file_io.cc(134)] WriteFile: Файл подкачки слишком мал для завершения операции. (0x5AF)
[0909/135333.958:ERROR:file_io.cc(134)] WriteFile: Файл подкачки слишком мал для завершения операции. (0x5AF)
[0909/135333.958:ERROR:file_io.cc(134)] WriteFile: Файл подкачки слишком мал для завершения операции. (0x5AF)
[0909/135333.958:ERROR:file_io.cc(134)] WriteFile: Файл подкачки слишком мал для завершения операции. (0x5AF)
[0909/135333.958:ERROR:file_io.cc(134)] WriteFile: Файл подкачки слишком мал для завершения операции. (0x5AF)
[0909/135333.958:ERROR:file_io.cc(134)] WriteFile: Файл подкачки слишком мал для завершения операции. (0x5AF)
[0909/135333.958:ERROR:file_io.cc(134)] WriteFile: Файл подкачки слишком мал для завершения операции. (0x5AF)
[0909/135333.958:ERROR:file_io.cc(134)] WriteFile: Файл подкачки слишком мал для завершения операции. (0x5AF)
[0909/135333.959:ERROR:file_io.cc(134)] WriteFile: Файл подкачки слишком мал для завершения операции. (0x5AF)
[0909/135333.959:ERROR:file_io.cc(134)] WriteFile: Файл подкачки слишком мал для завершения операции. (0x5AF)
[0909/135333.959:ERROR:file_io.cc(134)] WriteFile: Файл подкачки слишком мал для завершения операции. (0x5AF)
[0909/135333.959:ERROR:file_io.cc(134)] WriteFile: Файл подкачки слишком мал для завершения операции. (0x5AF)
[0909/135333.959:ERROR:file_io.cc(134)] WriteFile: Файл подкачки слишком мал для завершения операции. (0x5AF)
[0909/135333.959:ERROR:file_io.cc(134)] WriteFile: Файл подкачки слишком мал для завершения операции. (0x5AF)
[0909/135333.959:ERROR:file_io.cc(134)] WriteFile: Файл подкачки слишком мал для завершения операции. (0x5AF)
[0909/135333.959:ERROR:file_io.cc(134)] WriteFile: Файл подкачки слишком мал для завершения операции. (0x5AF)
[0909/135333.959:ERROR:file_io.cc(134)] WriteFile: Файл подкачки слишком мал для завершения операции. (0x5AF)
[0909/135333.960:ERROR:file_io.cc(134)] WriteFile: Файл подкачки слишком мал для завершения операции. (0x5AF)
[0909/135333.960:ERROR:file_io.cc(134)] WriteFile: Файл подкачки слишком мал для завершения операции. (0x5AF)
[0909/135333.960:ERROR:file_io.cc(134)] WriteFile: Файл подкачки слишком мал для завершения операции. (0x5AF)
[0909/135333.960:ERROR:file_io.cc(134)] WriteFile: Файл подкачки слишком мал для завершения операции. (0x5AF)
[0909/135333.960:ERROR:file_io.cc(134)] WriteFile: Файл подкачки слишком мал для завершения операции. (0x5AF)
[0909/135333.960:ERROR:file_io.cc(134)] WriteFile: Файл подкачки слишком мал для завершения операции. (0x5AF)
[0909/135333.961:ERROR:file_io.cc(134)] WriteFile: Файл подкачки слишком мал для завершения операции. (0x5AF)
[0909/135333.961:ERROR:file_io.cc(134)] WriteFile: Файл подкачки слишком мал для завершения операции. (0x5AF)
[0909/135333.961:ERROR:file_io.cc(134)] WriteFile: Файл подкачки слишком мал для завершения операции. (0x5AF)
[0909/135333.961:ERROR:file_io.cc(134)] WriteFile: Файл подкачки слишком мал для завершения операции. (0x5AF)
[0909/135333.961:ERROR:file_io.cc(134)] WriteFile: Файл подкачки слишком мал для завершения операции. (0x5AF)
[0909/135333.961:ERROR:file_io.cc(134)] WriteFile: Файл подкачки слишком мал для завершения операции. (0x5AF)
[0909/135333.961:ERROR:file_io.cc(134)] WriteFile: Файл подкачки слишком мал для завершения операции. (0x5AF)
[0909/135333.961:ERROR:file_io.cc(134)] WriteFile: Файл подкачки слишком мал для завершения операции. (0x5AF)
[0909/135333.961:ERROR:crash_report_exception_handler.cc(111)] WriteEverything failed
[0909/135333.962:ERROR:filesystem_win.cc(148)] DeleteFile C:\Users\polak\AppData\Local\Google\Chrome\User Data\Crashpad\reports\7e1c0a08-3ab5-425b-b2a0-3730e412c61a.dmp: Процесс не может получить доступ к файлу, так как этот файл занят другим процессом. (0x20)
[0909/135334.074:ERROR:file_io_win.cc(170)] CreateFile C:\Users\polak\AppData\Local\Google\Chrome\User Data\Crashpad\reports\4b842adf-425d-4901-a48d-ad611ba9e019.dmp: Файл подкачки слишком мал для завершения операции. (0x5AF)
[0909/135334.074:ERROR:crash_report_exception_handler.cc(97)] PrepareNewCrashReport failed
